<?xml version="1.0" encoding="UTF-8"?>
<!-- Generated by org.testng.reporters.JUnitXMLReporter -->
<testsuite hostname="Ankush" ignored="0" name="Sanity Test" tests="9" failures="3" timestamp="27 Feb 2024 16:43:07 GMT" time="0.525" errors="0">
  <testcase name="Secondplan" time="0.0" classname="Test.day2">
    <failure type="org.testng.TestNGException" message="
Parameter &amp;apos;URL&amp;apos; is required by @Test on method Secondplan but has not been marked @Optional or defined
in C:\Users\ankus\Documents\Prathyusha\TestngProject\testng.xml">
      <![CDATA[org.testng.TestNGException: 
Parameter 'URL' is required by @Test on method Secondplan but has not been marked @Optional or defined
in C:\Users\ankus\Documents\Prathyusha\TestngProject\testng.xml
... Removed 23 stack frames]]>
    </failure>
  </testcase> <!-- Secondplan -->
  <testcase name="fourthplan" time="0.022" classname="Test.day2">
    <failure type="java.lang.AssertionError" message="expected [true] but found [false]">
      <![CDATA[java.lang.AssertionError: expected [true] but found [false]
	at Test.day2.fourthplan(day2.java:34)
... Removed 29 stack frames]]>
    </failure>
  </testcase> <!-- fourthplan -->
  <testcase name="plan" time="0.013" classname="Test.day2"/>
  <testcase name="plan" time="0.009" classname="Test.day2"/>
  <testcase name="plan" time="0.013" classname="Test.day2"/>
  <testcase name="demo" time="0.052" classname="Test.day1"/>
  <testcase name="demoClass" time="0.008" classname="Test.day1"/>
  <testcase name="demoSch" time="0.066" classname="Test.day1"/>
  <testcase name="demoSchool" time="0.0" classname="Test.day1">
    <failure type="org.testng.TestNGException" message="
Parameter &amp;apos;URL&amp;apos; is required by @Test on method demoSchool but has not been marked @Optional or defined
in C:\Users\ankus\Documents\Prathyusha\TestngProject\testng.xml">
      <![CDATA[org.testng.TestNGException: 
Parameter 'URL' is required by @Test on method demoSchool but has not been marked @Optional or defined
in C:\Users\ankus\Documents\Prathyusha\TestngProject\testng.xml
... Removed 23 stack frames]]>
    </failure>
  </testcase> <!-- demoSchool -->
</testsuite> <!-- Sanity Test -->
